<?xml version="1.0" encoding="UTF-8"?>
<testsuite xmlns:xsi="http://www.w3.org/2001/XMLSchema-instance" xsi:noNamespaceSchemaLocation="https://maven.apache.org/surefire/maven-surefire-plugin/xsd/surefire-test-report-3.0.xsd" version="3.0" name="com.example.pdfoverlay.model.OverlayElementTest" time="0.096" tests="5" errors="0" skipped="0" failures="0">
  <properties>
[...]
</properties>
  <testcase name="shouldRejectInvalidTableRowCount" classname="com.example.pdfoverlay.model.OverlayElementTest" time="0.035"/>
  <testcase name="shouldRejectNonFiniteRatios" classname="com.example.pdfoverlay.model.OverlayElementTest" time="0.001"/>
  <testcase name="shouldHandleTableConfiguration" classname="com.example.pdfoverlay.model.OverlayElementTest" time="0.006"/>
  <testcase name="shouldAllowUpdatingIdAndRejectBlankValues" classname="com.example.pdfoverlay.model.OverlayElementTest" time="0.0"/>
  <testcase name="shouldClampRatiosAndTrimText" classname="com.example.pdfoverlay.model.OverlayElementTest" time="0.001"/>
</testsuite>